Heap:
 PSYoungGen      total 298496K, used 52214K [0x00000000d5580000, 0x00000000ed300000, 0x0000000100000000)
  eden space 278016K, 11% used [0x00000000d5580000,0x00000000d7481c58,0x00000000e6500000)
  from space 20480K, 99% used [0x00000000e6500000,0x00000000e78fbc08,0x00000000e7900000)
  to   space 27136K, 0% used [0x00000000eb880000,0x00000000eb880000,0x00000000ed300000)
 ParOldGen       total 187392K, used 49692K [0x0000000080000000, 0x000000008b700000, 0x00000000d5580000)
  object space 187392K, 26% used [0x0000000080000000,0x0000000083087308,0x000000008b700000)
 Metaspace       used 74797K, capacity 78896K, committed 79104K, reserved 1118208K
  class space    used 10431K, capacity 11180K, committed 11264K, reserved 1048576K
GC Heap History (10 events):
Event: 14.356 GC heap before
{Heap before GC invocations=12 (full 2):
 PSYoungGen      total 226304K, used 87992K [0x00000000d5580000, 0x00000000e5980000, 0x0000000100000000)
  eden space 214016K, 35% used [0x00000000d5580000,0x00000000d9f74ea0,0x00000000e2680000)
  from space 12288K, 99% used [0x00000000e2680000,0x00000000e3279330,0x00000000e3280000)
  to   space 18432K, 0% used [0x00000000e4780000,0x00000000e4780000,0x00000000e5980000)
 ParOldGen       total 123904K, used 26150K [0x0000000080000000, 0x0000000087900000, 0x00000000d5580000)
  object space 123904K, 21% used [0x0000000080000000,0x0000000081989a20,0x0000000087900000)
 Metaspace       used 56203K, capacity 58956K, committed 59136K, reserved 1099776K
  class space    used 7799K, capacity 8330K, committed 8448K, reserved 1048576K
Event: 14.364 GC heap after
Heap after GC invocations=12 (full 2):
 PSYoungGen      total 244736K, used 18430K [0x00000000d5580000, 0x00000000e9380000, 0x0000000100000000)
  eden space 226304K, 0% used [0x00000000d5580000,0x00000000d5580000,0x00000000e3280000)
  from space 18432K, 99% used [0x00000000e4780000,0x00000000e597f910,0x00000000e5980000)
  to   space 21504K, 0% used [0x00000000e3280000,0x00000000e3280000,0x00000000e4780000)
 ParOldGen       total 123904K, used 29036K [0x0000000080000000, 0x0000000087900000, 0x00000000d5580000)
  object space 123904K, 23% used [0x0000000080000000,0x0000000081c5b1a0,0x0000000087900000)
 Metaspace       used 56203K, capacity 58956K, committed 59136K, reserved 1099776K
  class space    used 7799K, capacity 8330K, committed 8448K, reserved 1048576K
}
Event: 14.365 GC heap before
{Heap before GC invocations=13 (full 3):
 PSYoungGen      total 244736K, used 18430K [0x00000000d5580000, 0x00000000e9380000, 0x0000000100000000)
  eden space 226304K, 0% used [0x00000000d5580000,0x00000000d5580000,0x00000000e3280000)
  from space 18432K, 99% used [0x00000000e4780000,0x00000000e597f910,0x00000000e5980000)
  to   space 21504K, 0% used [0x00000000e3280000,0x00000000e3280000,0x00000000e4780000)
 ParOldGen       total 123904K, used 29036K [0x0000000080000000, 0x0000000087900000, 0x00000000d5580000)
  object space 123904K, 23% used [0x0000000080000000,0x0000000081c5b1a0,0x0000000087900000)
 Metaspace       used 56203K, capacity 58956K, committed 59136K, reserved 1099776K
  class space    used 7799K, capacity 8330K, committed 8448K, reserved 1048576K
Event: 14.496 GC heap after
Heap after GC invocations=13 (full 3):
 PSYoungGen      total 244736K, used 0K [0x00000000d5580000, 0x00000000e9380000, 0x0000000100000000)
  eden space 226304K, 0% used [0x00000000d5580000,0x00000000d5580000,0x00000000e3280000)
  from space 18432K, 0% used [0x00000000e4780000,0x00000000e4780000,0x00000000e5980000)
  to   space 21504K, 0% used [0x00000000e3280000,0x00000000e3280000,0x00000000e4780000)
 ParOldGen       total 187392K, used 37627K [0x0000000080000000, 0x000000008b700000, 0x00000000d5580000)
  object space 187392K, 20% used [0x0000000080000000,0x00000000824becd8,0x000000008b700000)
 Metaspace       used 56102K, capacity 58614K, committed 59136K, reserved 1099776K
  class space    used 7767K, capacity 8273K, committed 8448K, reserved 1048576K
}
Event: 16.220 GC heap before
{Heap before GC invocations=14 (full 3):
 PSYoungGen      total 244736K, used 226304K [0x00000000d5580000, 0x00000000e9380000, 0x0000000100000000)
  eden space 226304K, 100% used [0x00000000d5580000,0x00000000e3280000,0x00000000e3280000)
  from space 18432K, 0% used [0x00000000e4780000,0x00000000e4780000,0x00000000e5980000)
  to   space 21504K, 0% used [0x00000000e3280000,0x00000000e3280000,0x00000000e4780000)
 ParOldGen       total 187392K, used 37627K [0x0000000080000000, 0x000000008b700000, 0x00000000d5580000)
  object space 187392K, 20% used [0x0000000080000000,0x00000000824becd8,0x000000008b700000)
 Metaspace       used 63874K, capacity 66856K, committed 67072K, reserved 1105920K
  class space    used 8986K, capacity 9604K, committed 9728K, reserved 1048576K
Event: 16.225 GC heap after
Heap after GC invocations=14 (full 3):
 PSYoungGen      total 247808K, used 13080K [0x00000000d5580000, 0x00000000e9380000, 0x0000000100000000)
  eden space 226304K, 0% used [0x00000000d5580000,0x00000000d5580000,0x00000000e3280000)
  from space 21504K, 60% used [0x00000000e3280000,0x00000000e3f46288,0x00000000e4780000)
  to   space 20992K, 0% used [0x00000000e7f00000,0x00000000e7f00000,0x00000000e9380000)
 ParOldGen       total 187392K, used 37635K [0x0000000080000000, 0x000000008b700000, 0x00000000d5580000)
  object space 187392K, 20% used [0x0000000080000000,0x00000000824c0cd8,0x000000008b700000)
 Metaspace       used 63874K, capacity 66856K, committed 67072K, reserved 1105920K
  class space    used 8986K, capacity 9604K, committed 9728K, reserved 1048576K
}
Event: 17.251 GC heap before
{Heap before GC invocations=15 (full 3):
 PSYoungGen      total 247808K, used 239384K [0x00000000d5580000, 0x00000000e9380000, 0x0000000100000000)
  eden space 226304K, 100% used [0x00000000d5580000,0x00000000e3280000,0x00000000e3280000)
  from space 21504K, 60% used [0x00000000e3280000,0x00000000e3f46288,0x00000000e4780000)
  to   space 20992K, 0% used [0x00000000e7f00000,0x00000000e7f00000,0x00000000e9380000)
 ParOldGen       total 187392K, used 37635K [0x0000000080000000, 0x000000008b700000, 0x00000000d5580000)
  object space 187392K, 20% used [0x0000000080000000,0x00000000824c0cd8,0x000000008b700000)
 Metaspace       used 65908K, capacity 69154K, committed 69376K, reserved 1107968K
  class space    used 9279K, capacity 9933K, committed 9984K, reserved 1048576K
Event: 17.256 GC heap after
Heap after GC invocations=15 (full 3):
 PSYoungGen      total 292352K, used 10315K [0x00000000d5580000, 0x00000000e8d00000, 0x0000000100000000)
  eden space 278016K, 0% used [0x00000000d5580000,0x00000000d5580000,0x00000000e6500000)
  from space 14336K, 71% used [0x00000000e7f00000,0x00000000e8912d80,0x00000000e8d00000)
  to   space 20480K, 0% used [0x00000000e6500000,0x00000000e6500000,0x00000000e7900000)
 ParOldGen       total 187392K, used 37643K [0x0000000080000000, 0x000000008b700000, 0x00000000d5580000)
  object space 187392K, 20% used [0x0000000080000000,0x00000000824c2cd8,0x000000008b700000)
 Metaspace       used 65908K, capacity 69154K, committed 69376K, reserved 1107968K
  class space    used 9279K, capacity 9933K, committed 9984K, reserved 1048576K
}
Event: 19.649 GC heap before
{Heap before GC invocations=16 (full 3):
 PSYoungGen      total 292352K, used 288331K [0x00000000d5580000, 0x00000000e8d00000, 0x0000000100000000)
  eden space 278016K, 100% used [0x00000000d5580000,0x00000000e6500000,0x00000000e6500000)
  from space 14336K, 71% used [0x00000000e7f00000,0x00000000e8912d80,0x00000000e8d00000)
  to   space 20480K, 0% used [0x00000000e6500000,0x00000000e6500000,0x00000000e7900000)
 ParOldGen       total 187392K, used 37643K [0x0000000080000000, 0x000000008b700000, 0x00000000d5580000)
  object space 187392K, 20% used [0x0000000080000000,0x00000000824c2cd8,0x000000008b700000)
 Metaspace       used 74280K, capacity 78236K, committed 78464K, reserved 1116160K
  class space    used 10348K, capacity 11124K, committed 11136K, reserved 1048576K
Event: 19.661 GC heap after
Heap after GC invocations=16 (full 3):
 PSYoungGen      total 298496K, used 20463K [0x00000000d5580000, 0x00000000ed300000, 0x0000000100000000)
  eden space 278016K, 0% used [0x00000000d5580000,0x00000000d5580000,0x00000000e6500000)
  from space 20480K, 99% used [0x00000000e6500000,0x00000000e78fbc08,0x00000000e7900000)
  to   space 27136K, 0% used [0x00000000eb880000,0x00000000eb880000,0x00000000ed300000)
 ParOldGen       total 187392K, used 49692K [0x0000000080000000, 0x000000008b700000, 0x00000000d5580000)
  object space 187392K, 26% used [0x0000000080000000,0x0000000083087308,0x000000008b700000)
 Metaspace       used 74280K, capacity 78236K, committed 78464K, reserved 1116160K
  class space    used 10348K, capacity 11124K, committed 11136K, reserved 1048576K
}

