# JRE version: Java(TM) SE Runtime Environment (8.0_333-b02) (build 1.8.0_333-b02)
# Java VM: Java HotSpot(TM) 64-Bit Server VM (25.333-b02 mixed mode windows-amd64 compressed oops)
Heap:
 PSYoungGen      total 223232K, used 138143K [0x00000000d5580000, 0x00000000e4b00000, 0x0000000100000000)
  eden space 204288K, 58% used [0x00000000d5580000,0x00000000dca51910,0x00000000e1d00000)
  from space 18944K, 97% used [0x00000000e2400000,0x00000000e3616690,0x00000000e3680000)
  to   space 20992K, 0% used [0x00000000e3680000,0x00000000e3680000,0x00000000e4b00000)
 ParOldGen       total 235008K, used 35658K [0x0000000080000000, 0x000000008e580000, 0x00000000d5580000)
  object space 235008K, 15% used [0x0000000080000000,0x00000000822d2a40,0x000000008e580000)
 Metaspace       used 75507K, capacity 79970K, committed 80256K, reserved 1118208K
  class space    used 10274K, capacity 11020K, committed 11136K, reserved 1048576K
GC Heap History (10 events):
Event: 3.721 GC heap before
{Heap before GC invocations=12 (full 2):
 PSYoungGen      total 168448K, used 102648K [0x00000000d5580000, 0x00000000e2d00000, 0x0000000100000000)
  eden space 156672K, 58% used [0x00000000d5580000,0x00000000dae40d30,0x00000000dee80000)
  from space 11776K, 99% used [0x00000000dee80000,0x00000000df9fd300,0x00000000dfa00000)
  to   space 16384K, 0% used [0x00000000e1d00000,0x00000000e1d00000,0x00000000e2d00000)
 ParOldGen       total 152064K, used 23633K [0x0000000080000000, 0x0000000089480000, 0x00000000d5580000)
  object space 152064K, 15% used [0x0000000080000000,0x00000000817146a0,0x0000000089480000)
 Metaspace       used 56371K, capacity 59032K, committed 59136K, reserved 1099776K
  class space    used 7885K, capacity 8379K, committed 8448K, reserved 1048576K
Event: 3.728 GC heap after
Heap after GC invocations=12 (full 2):
 PSYoungGen      total 200192K, used 16356K [0x00000000d5580000, 0x00000000e4180000, 0x0000000100000000)
  eden space 183808K, 0% used [0x00000000d5580000,0x00000000d5580000,0x00000000e0900000)
  from space 16384K, 99% used [0x00000000e1d00000,0x00000000e2cf9310,0x00000000e2d00000)
  to   space 20480K, 0% used [0x00000000e0900000,0x00000000e0900000,0x00000000e1d00000)
 ParOldGen       total 152064K, used 29482K [0x0000000080000000, 0x0000000089480000, 0x00000000d5580000)
  object space 152064K, 19% used [0x0000000080000000,0x0000000081cca8d0,0x0000000089480000)
 Metaspace       used 56371K, capacity 59032K, committed 59136K, reserved 1099776K
  class space    used 7885K, capacity 8379K, committed 8448K, reserved 1048576K
}
Event: 3.728 GC heap before
{Heap before GC invocations=13 (full 3):
 PSYoungGen      total 200192K, used 16356K [0x00000000d5580000, 0x00000000e4180000, 0x0000000100000000)
  eden space 183808K, 0% used [0x00000000d5580000,0x00000000d5580000,0x00000000e0900000)
  from space 16384K, 99% used [0x00000000e1d00000,0x00000000e2cf9310,0x00000000e2d00000)
  to   space 20480K, 0% used [0x00000000e0900000,0x00000000e0900000,0x00000000e1d00000)
 ParOldGen       total 152064K, used 29482K [0x0000000080000000, 0x0000000089480000, 0x00000000d5580000)
  object space 152064K, 19% used [0x0000000080000000,0x0000000081cca8d0,0x0000000089480000)
 Metaspace       used 56371K, capacity 59032K, committed 59136K, reserved 1099776K
  class space    used 7885K, capacity 8379K, committed 8448K, reserved 1048576K
Event: 3.833 GC heap after
Heap after GC invocations=13 (full 3):
 PSYoungGen      total 200192K, used 0K [0x00000000d5580000, 0x00000000e4180000, 0x0000000100000000)
  eden space 183808K, 0% used [0x00000000d5580000,0x00000000d5580000,0x00000000e0900000)
  from space 16384K, 0% used [0x00000000e1d00000,0x00000000e1d00000,0x00000000e2d00000)
  to   space 20480K, 0% used [0x00000000e0900000,0x00000000e0900000,0x00000000e1d00000)
 ParOldGen       total 235008K, used 35634K [0x0000000080000000, 0x000000008e580000, 0x00000000d5580000)
  object space 235008K, 15% used [0x0000000080000000,0x00000000822cca40,0x000000008e580000)
 Metaspace       used 56273K, capacity 58702K, committed 59136K, reserved 1099776K
  class space    used 7854K, capacity 8324K, committed 8448K, reserved 1048576K
}
Event: 4.751 GC heap before
{Heap before GC invocations=14 (full 3):
 PSYoungGen      total 200192K, used 183808K [0x00000000d5580000, 0x00000000e4180000, 0x0000000100000000)
  eden space 183808K, 100% used [0x00000000d5580000,0x00000000e0900000,0x00000000e0900000)
  from space 16384K, 0% used [0x00000000e1d00000,0x00000000e1d00000,0x00000000e2d00000)
  to   space 20480K, 0% used [0x00000000e0900000,0x00000000e0900000,0x00000000e1d00000)
 ParOldGen       total 235008K, used 35634K [0x0000000080000000, 0x000000008e580000, 0x00000000d5580000)
  object space 235008K, 15% used [0x0000000080000000,0x00000000822cca40,0x000000008e580000)
 Metaspace       used 65286K, capacity 69108K, committed 69376K, reserved 1107968K
  class space    used 9256K, capacity 9901K, committed 9984K, reserved 1048576K
Event: 4.758 GC heap after
Heap after GC invocations=14 (full 3):
 PSYoungGen      total 204288K, used 12803K [0x00000000d5580000, 0x00000000e4f00000, 0x0000000100000000)
  eden space 183808K, 0% used [0x00000000d5580000,0x00000000d5580000,0x00000000e0900000)
  from space 20480K, 62% used [0x00000000e0900000,0x00000000e1580e78,0x00000000e1d00000)
  to   space 19968K, 0% used [0x00000000e3b80000,0x00000000e3b80000,0x00000000e4f00000)
 ParOldGen       total 235008K, used 35642K [0x0000000080000000, 0x000000008e580000, 0x00000000d5580000)
  object space 235008K, 15% used [0x0000000080000000,0x00000000822cea40,0x000000008e580000)
 Metaspace       used 65286K, capacity 69108K, committed 69376K, reserved 1107968K
  class space    used 9256K, capacity 9901K, committed 9984K, reserved 1048576K
}
Event: 62.459 GC heap before
{Heap before GC invocations=15 (full 3):
 PSYoungGen      total 204288K, used 196611K [0x00000000d5580000, 0x00000000e4f00000, 0x0000000100000000)
  eden space 183808K, 100% used [0x00000000d5580000,0x00000000e0900000,0x00000000e0900000)
  from space 20480K, 62% used [0x00000000e0900000,0x00000000e1580e78,0x00000000e1d00000)
  to   space 19968K, 0% used [0x00000000e3b80000,0x00000000e3b80000,0x00000000e4f00000)
 ParOldGen       total 235008K, used 35642K [0x0000000080000000, 0x000000008e580000, 0x00000000d5580000)
  object space 235008K, 15% used [0x0000000080000000,0x00000000822cea40,0x000000008e580000)
 Metaspace       used 73598K, capacity 77748K, committed 78080K, reserved 1116160K
  class space    used 10181K, capacity 10891K, committed 11008K, reserved 1048576K
Event: 62.467 GC heap after
Heap after GC invocations=15 (full 3):
 PSYoungGen      total 229376K, used 19539K [0x00000000d5580000, 0x00000000e4f00000, 0x0000000100000000)
  eden space 209408K, 0% used [0x00000000d5580000,0x00000000d5580000,0x00000000e2200000)
  from space 19968K, 97% used [0x00000000e3b80000,0x00000000e4e94ff8,0x00000000e4f00000)
  to   space 22016K, 0% used [0x00000000e2400000,0x00000000e2400000,0x00000000e3980000)
 ParOldGen       total 235008K, used 35650K [0x0000000080000000, 0x000000008e580000, 0x00000000d5580000)
  object space 235008K, 15% used [0x0000000080000000,0x00000000822d0a40,0x000000008e580000)
 Metaspace       used 73598K, capacity 77748K, committed 78080K, reserved 1116160K
  class space    used 10181K, capacity 10891K, committed 11008K, reserved 1048576K
}
Event: 257.228 GC heap before
{Heap before GC invocations=16 (full 3):
 PSYoungGen      total 229376K, used 228947K [0x00000000d5580000, 0x00000000e4f00000, 0x0000000100000000)
  eden space 209408K, 100% used [0x00000000d5580000,0x00000000e2200000,0x00000000e2200000)
  from space 19968K, 97% used [0x00000000e3b80000,0x00000000e4e94ff8,0x00000000e4f00000)
  to   space 22016K, 0% used [0x00000000e2400000,0x00000000e2400000,0x00000000e3980000)
 ParOldGen       total 235008K, used 35650K [0x0000000080000000, 0x000000008e580000, 0x00000000d5580000)
  object space 235008K, 15% used [0x0000000080000000,0x00000000822d0a40,0x000000008e580000)
 Metaspace       used 75115K, capacity 79462K, committed 79616K, reserved 1118208K
  class space    used 10240K, capacity 10968K, committed 11008K, reserved 1048576K
Event: 257.237 GC heap after
Heap after GC invocations=16 (full 3):
 PSYoungGen      total 223232K, used 18521K [0x00000000d5580000, 0x00000000e4b00000, 0x0000000100000000)
  eden space 204288K, 0% used [0x00000000d5580000,0x00000000d5580000,0x00000000e1d00000)
  from space 18944K, 97% used [0x00000000e2400000,0x00000000e3616690,0x00000000e3680000)
  to   space 20992K, 0% used [0x00000000e3680000,0x00000000e3680000,0x00000000e4b00000)
 ParOldGen       total 235008K, used 35658K [0x0000000080000000, 0x000000008e580000, 0x00000000d5580000)
  object space 235008K, 15% used [0x0000000080000000,0x00000000822d2a40,0x000000008e580000)
 Metaspace       used 75115K, capacity 79462K, committed 79616K, reserved 1118208K
  class space    used 10240K, capacity 10968K, committed 11008K, reserved 1048576K
}

